2018-04-25 15:21:29,418 INFO 3244 [egg:logger] init all loggers with options: {"dir":"E:\\develop\\project\\easywebpack\\egg-vue-webpack-boilerplate-feature-green-spa\\logs","encoding":"utf8","env":"local","level":"INFO","consoleLevel":"DEBUG","disableConsoleAfterReady":false,"outputJSON":false,"buffer":true,"appLogName":"egg-vue-webpack-spa-boilerplate-web.log","coreLogName":"egg-web.log","agentLogName":"egg-agent.log","errorLogName":"common-error.log","coreLogger":{"consoleLevel":"WARN"},"allowDebugAtProd":true,"type":"application"}
2018-04-25 15:21:29,454 INFO 3244 [egg-schedule]: register schedule E:\develop\project\easywebpack\egg-vue-webpack-boilerplate-feature-green-spa\node_modules\egg-logrotator\app\schedule\clean_log.js
2018-04-25 15:21:29,454 INFO 3244 [egg-schedule]: register schedule E:\develop\project\easywebpack\egg-vue-webpack-boilerplate-feature-green-spa\node_modules\egg-logrotator\app\schedule\rotate_by_file.js
2018-04-25 15:21:29,672 INFO 3244 [egg-static] starting static serve /public/ -> E:\develop\project\easywebpack\egg-vue-webpack-boilerplate-feature-green-spa\public
2018-04-25 15:21:29,675 INFO 3244 [egg-security] use csrf middleware
2018-04-25 15:21:29,676 INFO 3244 [egg-security] use methodnoallow middleware
2018-04-25 15:21:29,676 INFO 3244 [egg-security] use noopen middleware
2018-04-25 15:21:29,677 INFO 3244 [egg-security] use nosniff middleware
2018-04-25 15:21:29,677 INFO 3244 [egg-security] use xssProtection middleware
2018-04-25 15:21:29,678 INFO 3244 [egg-security] use xframe middleware
2018-04-25 15:21:29,678 INFO 3244 [egg-security] use dta middleware
2018-04-25 15:21:29,678 INFO 3244 [egg-security] compose 7 middlewares into one security middleware
2018-04-25 15:21:29,716 INFO 3244 [egg-watcher:app] watcher start success
2018-04-25 15:31:07,396 INFO 8988 [egg:logger] init all loggers with options: {"dir":"E:\\develop\\xingxiang\\Starluxe-ms-interlayer\\logs","encoding":"utf8","env":"local","level":"INFO","consoleLevel":"DEBUG","disableConsoleAfterReady":false,"outputJSON":false,"buffer":true,"appLogName":"egg-vue-webpack-spa-boilerplate-web.log","coreLogName":"egg-web.log","agentLogName":"egg-agent.log","errorLogName":"common-error.log","coreLogger":{"consoleLevel":"WARN"},"allowDebugAtProd":true,"type":"application"}
2018-04-25 15:31:07,513 INFO 8988 [egg-schedule]: register schedule E:\develop\xingxiang\Starluxe-ms-interlayer\node_modules\egg-logrotator\app\schedule\clean_log.js
2018-04-25 15:31:07,513 INFO 8988 [egg-schedule]: register schedule E:\develop\xingxiang\Starluxe-ms-interlayer\node_modules\egg-logrotator\app\schedule\rotate_by_file.js
2018-04-25 15:31:08,056 INFO 8988 [egg-static] starting static serve /public/ -> E:\develop\xingxiang\Starluxe-ms-interlayer\public
2018-04-25 15:31:08,059 INFO 8988 [egg-security] use csrf middleware
2018-04-25 15:31:08,060 INFO 8988 [egg-security] use methodnoallow middleware
2018-04-25 15:31:08,061 INFO 8988 [egg-security] use noopen middleware
2018-04-25 15:31:08,061 INFO 8988 [egg-security] use nosniff middleware
2018-04-25 15:31:08,062 INFO 8988 [egg-security] use xssProtection middleware
2018-04-25 15:31:08,062 INFO 8988 [egg-security] use xframe middleware
2018-04-25 15:31:08,063 INFO 8988 [egg-security] use dta middleware
2018-04-25 15:31:08,063 INFO 8988 [egg-security] compose 7 middlewares into one security middleware
2018-04-25 15:31:08,104 INFO 8988 [egg-watcher:app] watcher start success
